[00000001] [00:17:20:590788] [Tid0x00003864] [info] create new hsession 0x1
[00000002] [00:17:20:591790] [Tid0x00003864] [info] -->[C1] iotflash_waitfor_device #./falcon-dll/falcon/api/iotflash_api.cpp (line:50)
[00000003] [00:17:20:591790] [Tid0x00003864] [info] try to open device:  baud rate 115200
[00000004] [00:17:20:591790] [Tid0x00003864] [info] retry CreateFile.
[00000005] [00:17:20:642645] [Tid0x00003864] [info] retry CreateFile.
[00000006] [00:17:20:694510] [Tid0x00003864] [info] retry CreateFile.
[00000007] [00:17:20:745609] [Tid0x00003864] [info] retry CreateFile.
[00000008] [00:17:20:796682] [Tid0x00003864] [info] retry CreateFile.
[00000009] [00:17:20:847663] [Tid0x00003864] [info] retry CreateFile.
[00000010] [00:17:20:898634] [Tid0x00003864] [info] retry CreateFile.
[00000011] [00:17:20:950794] [Tid0x00003864] [info] retry CreateFile.
[00000012] [00:17:21:001656] [Tid0x00003864] [info] retry CreateFile.
[00000013] [00:17:21:053624] [Tid0x00003864] [info] retry CreateFile.
[00000014] [00:17:21:104861] [Tid0x00003864] [info] retry CreateFile.
[00000015] [00:17:21:155640] [Tid0x00003864] [info] retry CreateFile.
[00000016] [00:17:21:206733] [Tid0x00003864] [info] retry CreateFile.
[00000017] [00:17:21:257725] [Tid0x00003864] [info] retry CreateFile.
[00000018] [00:17:21:309765] [Tid0x00003864] [info] retry CreateFile.
[00000019] [00:17:21:361750] [Tid0x00003864] [info] retry CreateFile.
[00000020] [00:17:21:412864] [Tid0x00003864] [info] retry CreateFile.
[00000021] [00:17:21:465017] [Tid0x00003864] [info] retry CreateFile.
[00000022] [00:17:21:516966] [Tid0x00003864] [info] retry CreateFile.
[00000023] [00:17:21:567186] [Tid0x00003864] [info] retry CreateFile.
[00000024] [00:17:22:120360] [Tid0x00003864] [info] try to open device:  baud rate 115200
[00000025] [00:17:22:120360] [Tid0x00003864] [info] retry CreateFile.
[00000026] [00:17:22:173047] [Tid0x00003864] [info] retry CreateFile.
[00000027] [00:17:22:224182] [Tid0x00003864] [info] retry CreateFile.
[00000028] [00:17:22:275089] [Tid0x00003864] [info] retry CreateFile.
[00000029] [00:17:22:326533] [Tid0x00003864] [info] retry CreateFile.
[00000030] [00:17:22:377328] [Tid0x00003864] [info] retry CreateFile.
[00000031] [00:17:22:428371] [Tid0x00003864] [info] retry CreateFile.
[00000032] [00:17:22:479233] [Tid0x00003864] [info] retry CreateFile.
[00000033] [00:17:22:530139] [Tid0x00003864] [info] retry CreateFile.
[00000034] [00:17:22:582311] [Tid0x00003864] [info] retry CreateFile.
[00000035] [00:17:22:632690] [Tid0x00003864] [info] retry CreateFile.
[00000036] [00:17:22:683063] [Tid0x00003864] [info] retry CreateFile.
[00000037] [00:17:22:735091] [Tid0x00003864] [info] retry CreateFile.
[00000038] [00:17:22:786045] [Tid0x00003864] [info] retry CreateFile.
[00000039] [00:17:22:838188] [Tid0x00003864] [info] retry CreateFile.
[00000040] [00:17:22:891182] [Tid0x00003864] [info] retry CreateFile.
[00000041] [00:17:22:941668] [Tid0x00003864] [info] retry CreateFile.
[00000042] [00:17:22:993720] [Tid0x00003864] [info] retry CreateFile.
[00000043] [00:17:23:044691] [Tid0x00003864] [info] retry CreateFile.
[00000044] [00:17:23:095557] [Tid0x00003864] [info] retry CreateFile.
[00000045] [00:17:23:646738] [Tid0x00003864] [info] try to open device:  baud rate 115200
[00000046] [00:17:23:646738] [Tid0x00003864] [info] retry CreateFile.
[00000047] [00:17:23:698880] [Tid0x00003864] [info] retry CreateFile.
[00000048] [00:17:23:749850] [Tid0x00003864] [info] retry CreateFile.
[00000049] [00:17:23:800069] [Tid0x00003864] [info] retry CreateFile.
[00000050] [00:17:23:852014] [Tid0x00003864] [info] retry CreateFile.
[00000051] [00:17:23:902952] [Tid0x00003864] [info] retry CreateFile.
[00000052] [00:17:23:953794] [Tid0x00003864] [info] retry CreateFile.
[00000053] [00:17:24:004499] [Tid0x00003864] [info] retry CreateFile.
[00000054] [00:17:24:055296] [Tid0x00003864] [info] retry CreateFile.
[00000055] [00:17:24:105704] [Tid0x00003864] [info] retry CreateFile.
[00000056] [00:17:24:156085] [Tid0x00003864] [info] retry CreateFile.
[00000057] [00:17:24:208278] [Tid0x00003864] [info] retry CreateFile.
[00000058] [00:17:24:258555] [Tid0x00003864] [info] retry CreateFile.
[00000059] [00:17:24:308799] [Tid0x00003864] [info] retry CreateFile.
[00000060] [00:17:24:359704] [Tid0x00003864] [info] retry CreateFile.
[00000061] [00:17:24:410653] [Tid0x00003864] [info] retry CreateFile.
[00000062] [00:17:24:461791] [Tid0x00003864] [info] retry CreateFile.
[00000063] [00:17:24:513874] [Tid0x00003864] [info] retry CreateFile.
[00000064] [00:17:24:566054] [Tid0x00003864] [info] retry CreateFile.
[00000065] [00:17:24:618121] [Tid0x00003864] [info] retry CreateFile.
[00000066] [00:17:25:170175] [Tid0x00003864] [info] try to open device:  baud rate 115200
[00000067] [00:17:25:170175] [Tid0x00003864] [info] retry CreateFile.
[00000068] [00:17:25:221192] [Tid0x00003864] [info] retry CreateFile.
[00000069] [00:17:25:272191] [Tid0x00003864] [info] retry CreateFile.
[00000070] [00:17:25:324302] [Tid0x00003864] [info] retry CreateFile.
[00000071] [00:17:25:377386] [Tid0x00003864] [info] retry CreateFile.
[00000072] [00:17:25:428332] [Tid0x00003864] [info] retry CreateFile.
[00000073] [00:17:25:480489] [Tid0x00003864] [info] retry CreateFile.
[00000074] [00:17:25:531841] [Tid0x00003864] [info] retry CreateFile.
[00000075] [00:17:25:582704] [Tid0x00003864] [info] retry CreateFile.
[00000076] [00:17:25:634791] [Tid0x00003864] [info] retry CreateFile.
[00000077] [00:17:25:687748] [Tid0x00003864] [info] retry CreateFile.
[00000078] [00:17:25:739811] [Tid0x00003864] [info] retry CreateFile.
[00000079] [00:17:25:791789] [Tid0x00003864] [info] retry CreateFile.
[00000080] [00:17:25:842888] [Tid0x00003864] [info] retry CreateFile.
[00000081] [00:17:25:894825] [Tid0x00003864] [info] retry CreateFile.
[00000082] [00:17:25:945731] [Tid0x00003864] [info] retry CreateFile.
[00000083] [00:17:25:996524] [Tid0x00003864] [info] retry CreateFile.
[00000084] [00:17:26:047569] [Tid0x00003864] [info] retry CreateFile.
[00000085] [00:17:26:099586] [Tid0x00003864] [info] retry CreateFile.
[00000086] [00:17:26:151745] [Tid0x00003864] [info] retry CreateFile.
[00000087] [00:17:26:704359] [Tid0x00003864] [info] try to open device:  baud rate 115200
[00000088] [00:17:26:704359] [Tid0x00003864] [info] retry CreateFile.
[00000089] [00:17:26:754832] [Tid0x00003864] [info] retry CreateFile.
[00000090] [00:17:26:805530] [Tid0x00003864] [info] retry CreateFile.
[00000091] [00:17:26:857640] [Tid0x00003864] [info] retry CreateFile.
[00000092] [00:17:26:909684] [Tid0x00003864] [info] retry CreateFile.
[00000093] [00:17:26:960553] [Tid0x00003864] [info] retry CreateFile.
[00000094] [00:17:27:012575] [Tid0x00003864] [info] retry CreateFile.
[00000095] [00:17:27:064919] [Tid0x00003864] [info] retry CreateFile.
[00000096] [00:17:27:116307] [Tid0x00003864] [info] retry CreateFile.
[00000097] [00:17:27:166509] [Tid0x00003864] [info] retry CreateFile.
[00000098] [00:17:27:218544] [Tid0x00003864] [info] retry CreateFile.
[00000099] [00:17:27:268793] [Tid0x00003864] [info] retry CreateFile.
[00000100] [00:17:27:320456] [Tid0x00003864] [info] retry CreateFile.
[00000101] [00:17:27:370582] [Tid0x00003864] [info] retry CreateFile.
[00000102] [00:17:27:423829] [Tid0x00003864] [info] retry CreateFile.
[00000103] [00:17:27:474767] [Tid0x00003864] [info] retry CreateFile.
[00000104] [00:17:27:527941] [Tid0x00003864] [info] retry CreateFile.
[00000105] [00:17:27:578865] [Tid0x00003864] [info] retry CreateFile.
[00000106] [00:17:27:629909] [Tid0x00003864] [info] retry CreateFile.
[00000107] [00:17:27:680191] [Tid0x00003864] [info] retry CreateFile.
[00000108] [00:17:28:231524] [Tid0x00003864] [info] try to open device:  baud rate 115200
[00000109] [00:17:28:231524] [Tid0x00003864] [info] retry CreateFile.
[00000110] [00:17:28:283501] [Tid0x00003864] [info] retry CreateFile.
[00000111] [00:17:28:333978] [Tid0x00003864] [info] retry CreateFile.
[00000112] [00:17:28:385007] [Tid0x00003864] [info] retry CreateFile.
[00000113] [00:17:28:435736] [Tid0x00003864] [info] retry CreateFile.
[00000114] [00:17:28:485989] [Tid0x00003864] [info] retry CreateFile.
[00000115] [00:17:28:536772] [Tid0x00003864] [info] retry CreateFile.
[00000116] [00:17:28:587774] [Tid0x00003864] [info] retry CreateFile.
[00000117] [00:17:28:640070] [Tid0x00003864] [info] retry CreateFile.
[00000118] [00:17:28:690821] [Tid0x00003864] [info] retry CreateFile.
[00000119] [00:17:28:742912] [Tid0x00003864] [info] retry CreateFile.
[00000120] [00:17:28:794812] [Tid0x00003864] [info] retry CreateFile.
[00000121] [00:17:28:846092] [Tid0x00003864] [info] retry CreateFile.
[00000122] [00:17:28:898078] [Tid0x00003864] [info] retry CreateFile.
[00000123] [00:17:28:948842] [Tid0x00003864] [info] retry CreateFile.
[00000124] [00:17:28:999225] [Tid0x00003864] [info] retry CreateFile.
[00000125] [00:17:29:049508] [Tid0x00003864] [info] retry CreateFile.
[00000126] [00:17:29:100478] [Tid0x00003864] [info] retry CreateFile.
[00000127] [00:17:29:151447] [Tid0x00003864] [info] retry CreateFile.
[00000128] [00:17:29:202416] [Tid0x00003864] [info] retry CreateFile.
[00000129] [00:17:29:753390] [Tid0x00003864] [info] try to open device:  baud rate 115200
[00000130] [00:17:29:753390] [Tid0x00003864] [info] retry CreateFile.
[00000131] [00:17:29:804386] [Tid0x00003864] [info] retry CreateFile.
[00000132] [00:17:29:856455] [Tid0x00003864] [info] retry CreateFile.
[00000133] [00:17:29:908424] [Tid0x00003864] [info] retry CreateFile.
[00000134] [00:17:29:960554] [Tid0x00003864] [info] retry CreateFile.
[00000135] [00:17:30:013391] [Tid0x00003864] [info] retry CreateFile.
[00000136] [00:17:30:064885] [Tid0x00003864] [info] retry CreateFile.
[00000137] [00:17:30:117624] [Tid0x00003864] [info] retry CreateFile.
[00000138] [00:17:30:168628] [Tid0x00003864] [info] retry CreateFile.
[00000139] [00:17:30:220640] [Tid0x00003864] [info] retry CreateFile.
[00000140] [00:17:30:272730] [Tid0x00003864] [info] retry CreateFile.
[00000141] [00:17:30:323592] [Tid0x00003864] [info] retry CreateFile.
[00000142] [00:17:30:374457] [Tid0x00003864] [info] retry CreateFile.
[00000143] [00:17:30:424692] [Tid0x00003864] [info] retry CreateFile.
[00000144] [00:17:30:477805] [Tid0x00003864] [info] retry CreateFile.
[00000145] [00:17:30:528707] [Tid0x00003864] [info] retry CreateFile.
[00000146] [00:17:30:579572] [Tid0x00003864] [info] retry CreateFile.
[00000147] [00:17:30:631699] [Tid0x00003864] [info] retry CreateFile.
[00000148] [00:17:30:683940] [Tid0x00003864] [info] retry CreateFile.
[00000149] [00:17:30:734258] [Tid0x00003864] [info] retry CreateFile.
[00000150] [00:17:31:286235] [Tid0x00003864] [info] try to open device:  baud rate 115200
[00000151] [00:17:31:286235] [Tid0x00003864] [info] retry CreateFile.
[00000152] [00:17:31:336700] [Tid0x00003864] [info] retry CreateFile.
[00000153] [00:17:31:387191] [Tid0x00003864] [info] retry CreateFile.
[00000154] [00:17:31:437912] [Tid0x00003864] [info] retry CreateFile.
[00000155] [00:17:31:489853] [Tid0x00003864] [info] retry CreateFile.
[00000156] [00:17:31:541948] [Tid0x00003864] [info] retry CreateFile.
[00000157] [00:17:31:593297] [Tid0x00003864] [info] retry CreateFile.
[00000158] [00:17:31:645280] [Tid0x00003864] [info] retry CreateFile.
[00000159] [00:17:31:697738] [Tid0x00003864] [info] retry CreateFile.
[00000160] [00:17:31:748386] [Tid0x00003864] [info] retry CreateFile.
[00000161] [00:17:31:799546] [Tid0x00003864] [info] retry CreateFile.
[00000162] [00:17:31:850547] [Tid0x00003864] [info] retry CreateFile.
[00000163] [00:17:31:900857] [Tid0x00003864] [info] retry CreateFile.
[00000164] [00:17:31:951789] [Tid0x00003864] [info] retry CreateFile.
[00000165] [00:17:32:002664] [Tid0x00003864] [info] retry CreateFile.
[00000166] [00:17:32:054947] [Tid0x00003864] [info] retry CreateFile.
[00000167] [00:17:32:106025] [Tid0x00003864] [info] retry CreateFile.
[00000168] [00:17:32:158133] [Tid0x00003864] [info] retry CreateFile.
[00000169] [00:17:32:209111] [Tid0x00003864] [info] retry CreateFile.
[00000170] [00:17:32:260090] [Tid0x00003864] [info] retry CreateFile.
[00000171] [00:17:32:812898] [Tid0x00003864] [info] try to open device:  baud rate 115200
[00000172] [00:17:32:813843] [Tid0x00003864] [info] retry CreateFile.
[00000173] [00:17:32:864858] [Tid0x00003864] [info] retry CreateFile.
[00000174] [00:17:32:915767] [Tid0x00003864] [info] retry CreateFile.
[00000175] [00:17:32:966661] [Tid0x00003864] [info] retry CreateFile.
[00000176] [00:17:33:017655] [Tid0x00003864] [info] retry CreateFile.
[00000177] [00:17:33:069700] [Tid0x00003864] [info] retry CreateFile.
[00000178] [00:17:33:120599] [Tid0x00003864] [info] retry CreateFile.
[00000179] [00:17:33:172572] [Tid0x00003864] [info] retry CreateFile.
[00000180] [00:17:33:224732] [Tid0x00003864] [info] retry CreateFile.
[00000181] [00:17:33:275887] [Tid0x00003864] [info] retry CreateFile.
[00000182] [00:17:33:328004] [Tid0x00003864] [info] retry CreateFile.
[00000183] [00:17:33:380074] [Tid0x00003864] [info] retry CreateFile.
[00000184] [00:17:33:431458] [Tid0x00003864] [info] retry CreateFile.
[00000185] [00:17:33:482319] [Tid0x00003864] [info] retry CreateFile.
[00000186] [00:17:33:532695] [Tid0x00003864] [info] retry CreateFile.
[00000187] [00:17:33:583678] [Tid0x00003864] [info] retry CreateFile.
[00000188] [00:17:33:635608] [Tid0x00003864] [info] retry CreateFile.
[00000189] [00:17:33:685931] [Tid0x00003864] [info] retry CreateFile.
[00000190] [00:17:33:737795] [Tid0x00003864] [info] retry CreateFile.
[00000191] [00:17:33:789788] [Tid0x00003864] [info] retry CreateFile.
[00000192] [00:17:34:343024] [Tid0x00003864] [info] try to open device:  baud rate 115200
[00000193] [00:17:34:344019] [Tid0x00003864] [info] retry CreateFile.
[00000194] [00:17:34:396070] [Tid0x00003864] [info] retry CreateFile.
[00000195] [00:17:34:446996] [Tid0x00003864] [info] retry CreateFile.
[00000196] [00:17:34:497433] [Tid0x00003864] [info] retry CreateFile.
[00000197] [00:17:34:549629] [Tid0x00003864] [info] retry CreateFile.
[00000198] [00:17:34:600432] [Tid0x00003864] [info] retry CreateFile.
[00000199] [00:17:34:652466] [Tid0x00003864] [info] retry CreateFile.
[00000200] [00:17:34:702763] [Tid0x00003864] [info] retry CreateFile.
[00000201] [00:17:34:754842] [Tid0x00003864] [info] retry CreateFile.
[00000202] [00:17:34:805744] [Tid0x00003864] [info] retry CreateFile.
[00000203] [00:17:34:857703] [Tid0x00003864] [info] retry CreateFile.
[00000204] [00:17:34:908625] [Tid0x00003864] [info] retry CreateFile.
[00000205] [00:17:34:959606] [Tid0x00003864] [info] retry CreateFile.
[00000206] [00:17:35:012530] [Tid0x00003864] [info] retry CreateFile.
[00000207] [00:17:35:063519] [Tid0x00003864] [info] retry CreateFile.
[00000208] [00:17:35:114392] [Tid0x00003864] [info] retry CreateFile.
[00000209] [00:17:35:167501] [Tid0x00003864] [info] retry CreateFile.
[00000210] [00:17:35:218564] [Tid0x00003864] [info] retry CreateFile.
[00000211] [00:17:35:269774] [Tid0x00003864] [info] retry CreateFile.
[00000212] [00:17:35:321829] [Tid0x00003864] [info] retry CreateFile.
[00000213] [00:17:35:872885] [Tid0x00003864] [info] try to open device:  baud rate 115200
[00000214] [00:17:35:872885] [Tid0x00003864] [info] retry CreateFile.
[00000215] [00:17:35:925196] [Tid0x00003864] [info] retry CreateFile.
[00000216] [00:17:35:976140] [Tid0x00003864] [info] retry CreateFile.
[00000217] [00:17:36:028244] [Tid0x00003864] [info] retry CreateFile.
[00000218] [00:17:36:079979] [Tid0x00003864] [info] retry CreateFile.
[00000219] [00:17:36:130787] [Tid0x00003864] [info] retry CreateFile.
[00000220] [00:17:36:181692] [Tid0x00003864] [info] retry CreateFile.
[00000221] [00:17:36:232545] [Tid0x00003864] [info] retry CreateFile.
[00000222] [00:17:36:283457] [Tid0x00003864] [info] retry CreateFile.
[00000223] [00:17:36:334620] [Tid0x00003864] [info] retry CreateFile.
[00000224] [00:17:36:388811] [Tid0x00003864] [info] retry CreateFile.
[00000225] [00:17:36:439187] [Tid0x00003864] [info] retry CreateFile.
[00000226] [00:17:36:490378] [Tid0x00003864] [info] retry CreateFile.
[00000227] [00:17:36:542429] [Tid0x00003864] [info] retry CreateFile.
[00000228] [00:17:36:594613] [Tid0x00003864] [info] retry CreateFile.
[00000229] [00:17:36:647671] [Tid0x00003864] [info] retry CreateFile.
[00000230] [00:17:36:698069] [Tid0x00003864] [info] retry CreateFile.
[00000231] [00:17:36:749011] [Tid0x00003864] [info] retry CreateFile.
[00000232] [00:17:36:799873] [Tid0x00003864] [info] retry CreateFile.
[00000233] [00:17:36:850372] [Tid0x00003864] [info] retry CreateFile.
[00000234] [00:17:37:402742] [Tid0x00003864] [info] try to open device:  baud rate 115200
[00000235] [00:17:37:402742] [Tid0x00003864] [info] retry CreateFile.
[00000236] [00:17:37:455176] [Tid0x00003864] [info] retry CreateFile.
[00000237] [00:17:37:505660] [Tid0x00003864] [info] retry CreateFile.
[00000238] [00:17:37:556801] [Tid0x00003864] [info] retry CreateFile.
[00000239] [00:17:37:607732] [Tid0x00003864] [info] retry CreateFile.
[00000240] [00:17:37:658683] [Tid0x00003864] [info] retry CreateFile.
[00000241] [00:17:37:709676] [Tid0x00003864] [info] retry CreateFile.
[00000242] [00:17:37:761756] [Tid0x00003864] [info] retry CreateFile.
[00000243] [00:17:37:812013] [Tid0x00003864] [info] retry CreateFile.
[00000244] [00:17:37:862908] [Tid0x00003864] [info] retry CreateFile.
[00000245] [00:17:37:915086] [Tid0x00003864] [info] retry CreateFile.
[00000246] [00:17:37:968037] [Tid0x00003864] [info] retry CreateFile.
[00000247] [00:17:38:020038] [Tid0x00003864] [info] retry CreateFile.
[00000248] [00:17:38:070630] [Tid0x00003864] [info] retry CreateFile.
[00000249] [00:17:38:121589] [Tid0x00003864] [info] retry CreateFile.
[00000250] [00:17:38:172570] [Tid0x00003864] [info] retry CreateFile.
[00000251] [00:17:38:224855] [Tid0x00003864] [info] retry CreateFile.
[00000252] [00:17:38:276076] [Tid0x00003864] [info] retry CreateFile.
[00000253] [00:17:38:326432] [Tid0x00003864] [info] retry CreateFile.
[00000254] [00:17:38:376897] [Tid0x00003864] [info] retry CreateFile.
[00000255] [00:17:38:928253] [Tid0x00003864] [info] try to open device:  baud rate 115200
[00000256] [00:17:38:928253] [Tid0x00003864] [info] retry CreateFile.
[00000257] [00:17:38:979244] [Tid0x00003864] [info] retry CreateFile.
[00000258] [00:17:39:029792] [Tid0x00003864] [info] retry CreateFile.
[00000259] [00:17:39:080716] [Tid0x00003864] [info] retry CreateFile.
[00000260] [00:17:39:132732] [Tid0x00003864] [info] retry CreateFile.
[00000261] [00:17:39:184870] [Tid0x00003864] [info] retry CreateFile.
[00000262] [00:17:39:235917] [Tid0x00003864] [info] retry CreateFile.
[00000263] [00:17:39:286689] [Tid0x00003864] [info] retry CreateFile.
[00000264] [00:17:39:337688] [Tid0x00003864] [info] retry CreateFile.
[00000265] [00:17:39:388507] [Tid0x00003864] [info] retry CreateFile.
[00000266] [00:17:39:439587] [Tid0x00003864] [info] retry CreateFile.
[00000267] [00:17:39:490764] [Tid0x00003864] [info] retry CreateFile.
[00000268] [00:17:39:541598] [Tid0x00003864] [info] retry CreateFile.
[00000269] [00:17:39:592469] [Tid0x00003864] [info] retry CreateFile.
[00000270] [00:17:39:643335] [Tid0x00003864] [info] retry CreateFile.
[00000271] [00:17:39:694579] [Tid0x00003864] [info] retry CreateFile.
[00000272] [00:17:39:745664] [Tid0x00003864] [info] retry CreateFile.
[00000273] [00:17:39:796715] [Tid0x00003864] [info] retry CreateFile.
[00000274] [00:17:39:848580] [Tid0x00003864] [info] retry CreateFile.
[00000275] [00:17:39:899729] [Tid0x00003864] [info] retry CreateFile.
[00000276] [00:17:40:452653] [Tid0x00003864] [info] try to open device:  baud rate 115200
[00000277] [00:17:40:452653] [Tid0x00003864] [info] retry CreateFile.
[00000278] [00:17:40:503544] [Tid0x00003864] [info] retry CreateFile.
[00000279] [00:17:40:554409] [Tid0x00003864] [info] retry CreateFile.
[00000280] [00:17:40:605529] [Tid0x00003864] [info] retry CreateFile.
[00000281] [00:17:40:657521] [Tid0x00003864] [info] retry CreateFile.
[00000282] [00:17:40:709580] [Tid0x00003864] [info] retry CreateFile.
[00000283] [00:17:40:773342] [Tid0x00003864] [info] retry CreateFile.
[00000284] [00:17:40:825203] [Tid0x00003864] [info] retry CreateFile.
[00000285] [00:17:40:875450] [Tid0x00003864] [info] retry CreateFile.
[00000286] [00:17:40:927798] [Tid0x00003864] [info] retry CreateFile.
[00000287] [00:17:40:978675] [Tid0x00003864] [info] retry CreateFile.
[00000288] [00:17:41:029732] [Tid0x00003864] [info] retry CreateFile.
[00000289] [00:17:41:080639] [Tid0x00003864] [info] retry CreateFile.
[00000290] [00:17:41:131617] [Tid0x00003864] [info] retry CreateFile.
[00000291] [00:17:41:182517] [Tid0x00003864] [info] retry CreateFile.
[00000292] [00:17:41:233342] [Tid0x00003864] [info] retry CreateFile.
[00000293] [00:17:41:284768] [Tid0x00003864] [info] retry CreateFile.
[00000294] [00:17:41:335765] [Tid0x00003864] [info] retry CreateFile.
[00000295] [00:17:41:386812] [Tid0x00003864] [info] retry CreateFile.
[00000296] [00:17:41:438021] [Tid0x00003864] [info] retry CreateFile.
[00000297] [00:17:41:989384] [Tid0x00003864] [info] try to open device:  baud rate 115200
[00000298] [00:17:41:989384] [Tid0x00003864] [info] retry CreateFile.
[00000299] [00:17:42:039859] [Tid0x00003864] [info] retry CreateFile.
[00000300] [00:17:42:090606] [Tid0x00003864] [info] retry CreateFile.
[00000301] [00:17:42:142311] [Tid0x00003864] [info] retry CreateFile.
[00000302] [00:17:42:192824] [Tid0x00003864] [info] retry CreateFile.
[00000303] [00:17:42:244879] [Tid0x00003864] [info] retry CreateFile.
[00000304] [00:17:42:295927] [Tid0x00003864] [info] retry CreateFile.
[00000305] [00:17:42:346900] [Tid0x00003864] [info] retry CreateFile.
[00000306] [00:17:42:397843] [Tid0x00003864] [info] retry CreateFile.
[00000307] [00:17:42:449964] [Tid0x00003864] [info] retry CreateFile.
[00000308] [00:17:42:502088] [Tid0x00003864] [info] retry CreateFile.
[00000309] [00:17:42:553874] [Tid0x00003864] [info] retry CreateFile.
[00000310] [00:17:42:605123] [Tid0x00003864] [info] retry CreateFile.
[00000311] [00:17:42:656990] [Tid0x00003864] [info] retry CreateFile.
[00000312] [00:17:42:709003] [Tid0x00003864] [info] retry CreateFile.
[00000313] [00:17:42:760128] [Tid0x00003864] [info] retry CreateFile.
[00000314] [00:17:42:811006] [Tid0x00003864] [info] retry CreateFile.
[00000315] [00:17:42:861702] [Tid0x00003864] [info] retry CreateFile.
[00000316] [00:17:42:912566] [Tid0x00003864] [info] retry CreateFile.
[00000317] [00:17:42:963747] [Tid0x00003864] [info] retry CreateFile.
[00000318] [00:17:43:517437] [Tid0x00003864] [info] try to open device:  baud rate 115200
[00000319] [00:17:43:517437] [Tid0x00003864] [info] retry CreateFile.
[00000320] [00:17:43:568126] [Tid0x00003864] [info] retry CreateFile.
[00000321] [00:17:43:619913] [Tid0x00003864] [info] retry CreateFile.
[00000322] [00:17:43:672290] [Tid0x00003864] [info] retry CreateFile.
[00000323] [00:17:43:724237] [Tid0x00003864] [info] retry CreateFile.
[00000324] [00:17:43:774636] [Tid0x00003864] [info] retry CreateFile.
[00000325] [00:17:43:826058] [Tid0x00003864] [info] retry CreateFile.
[00000326] [00:17:43:878020] [Tid0x00003864] [info] retry CreateFile.
[00000327] [00:17:43:931136] [Tid0x00003864] [info] retry CreateFile.
[00000328] [00:17:43:983276] [Tid0x00003864] [info] retry CreateFile.
[00000329] [00:17:44:035430] [Tid0x00003864] [info] retry CreateFile.
[00000330] [00:17:44:086632] [Tid0x00003864] [info] retry CreateFile.
[00000331] [00:17:44:137469] [Tid0x00003864] [info] retry CreateFile.
[00000332] [00:17:44:188057] [Tid0x00003864] [info] retry CreateFile.
[00000333] [00:17:44:238643] [Tid0x00003864] [info] retry CreateFile.
[00000334] [00:17:44:289341] [Tid0x00003864] [info] retry CreateFile.
[00000335] [00:17:44:340505] [Tid0x00003864] [info] retry CreateFile.
[00000336] [00:17:44:391404] [Tid0x00003864] [info] retry CreateFile.
[00000337] [00:17:44:443585] [Tid0x00003864] [info] retry CreateFile.
[00000338] [00:17:44:495681] [Tid0x00003864] [info] retry CreateFile.
[00000339] [00:17:45:049762] [Tid0x00003864] [info] try to open device:  baud rate 115200
[00000340] [00:17:45:049762] [Tid0x00003864] [info] retry CreateFile.
[00000341] [00:17:45:100819] [Tid0x00003864] [info] retry CreateFile.
[00000342] [00:17:45:152888] [Tid0x00003864] [info] retry CreateFile.
[00000343] [00:17:45:204874] [Tid0x00003864] [info] retry CreateFile.
[00000344] [00:17:45:255595] [Tid0x00003864] [info] retry CreateFile.
[00000345] [00:17:45:306610] [Tid0x00003864] [info] retry CreateFile.
[00000346] [00:17:45:357554] [Tid0x00003864] [info] retry CreateFile.
[00000347] [00:17:45:409612] [Tid0x00003864] [info] retry CreateFile.
[00000348] [00:17:45:461670] [Tid0x00003864] [info] retry CreateFile.
[00000349] [00:17:45:514798] [Tid0x00003864] [info] retry CreateFile.
[00000350] [00:17:45:566881] [Tid0x00003864] [info] retry CreateFile.
[00000351] [00:17:45:617459] [Tid0x00003864] [info] retry CreateFile.
[00000352] [00:17:45:669557] [Tid0x00003864] [info] retry CreateFile.
[00000353] [00:17:45:720650] [Tid0x00003864] [info] retry CreateFile.
[00000354] [00:17:45:772554] [Tid0x00003864] [info] retry CreateFile.
[00000355] [00:17:45:823503] [Tid0x00003864] [info] retry CreateFile.
[00000356] [00:17:45:875480] [Tid0x00003864] [info] retry CreateFile.
[00000357] [00:17:45:928489] [Tid0x00003864] [info] retry CreateFile.
[00000358] [00:17:45:980745] [Tid0x00003864] [info] retry CreateFile.
[00000359] [00:17:46:031609] [Tid0x00003864] [info] retry CreateFile.
[00000360] [00:17:46:585231] [Tid0x00003864] [info] try to open device:  baud rate 115200
[00000361] [00:17:46:585231] [Tid0x00003864] [info] retry CreateFile.
[00000362] [00:17:46:635927] [Tid0x00003864] [info] retry CreateFile.
[00000363] [00:17:46:687970] [Tid0x00003864] [info] retry CreateFile.
[00000364] [00:17:46:738177] [Tid0x00003864] [info] retry CreateFile.
[00000365] [00:17:46:789070] [Tid0x00003864] [info] retry CreateFile.
[00000366] [00:17:46:841075] [Tid0x00003864] [info] retry CreateFile.
[00000367] [00:17:46:892056] [Tid0x00003864] [info] retry CreateFile.
[00000368] [00:17:46:944141] [Tid0x00003864] [info] retry CreateFile.
[00000369] [00:17:46:996463] [Tid0x00003864] [info] retry CreateFile.
[00000370] [00:17:47:047169] [Tid0x00003864] [info] retry CreateFile.
[00000371] [00:17:47:099335] [Tid0x00003864] [info] retry CreateFile.
[00000372] [00:17:47:151503] [Tid0x00003864] [info] retry CreateFile.
[00000373] [00:17:47:203659] [Tid0x00003864] [info] retry CreateFile.
[00000374] [00:17:47:254523] [Tid0x00003864] [info] retry CreateFile.
[00000375] [00:17:47:305468] [Tid0x00003864] [info] retry CreateFile.
[00000376] [00:17:47:356590] [Tid0x00003864] [info] retry CreateFile.
[00000377] [00:17:47:407725] [Tid0x00003864] [info] retry CreateFile.
[00000378] [00:17:47:458288] [Tid0x00003864] [info] retry CreateFile.
[00000379] [00:17:47:510341] [Tid0x00003864] [info] retry CreateFile.
[00000380] [00:17:47:562415] [Tid0x00003864] [info] retry CreateFile.
[00000381] [00:17:48:115105] [Tid0x00003864] [info] try to open device:  baud rate 115200
[00000382] [00:17:48:115105] [Tid0x00003864] [info] retry CreateFile.
[00000383] [00:17:48:167373] [Tid0x00003864] [info] retry CreateFile.
[00000384] [00:17:48:218498] [Tid0x00003864] [info] retry CreateFile.
[00000385] [00:17:48:269735] [Tid0x00003864] [info] retry CreateFile.
[00000386] [00:17:48:320013] [Tid0x00003864] [info] retry CreateFile.
[00000387] [00:17:48:370893] [Tid0x00003864] [info] retry CreateFile.
[00000388] [00:17:48:422909] [Tid0x00003864] [info] retry CreateFile.
[00000389] [00:17:48:476098] [Tid0x00003864] [info] retry CreateFile.
[00000390] [00:17:48:527276] [Tid0x00003864] [info] retry CreateFile.
[00000391] [00:17:48:578198] [Tid0x00003864] [info] retry CreateFile.
[00000392] [00:17:48:629147] [Tid0x00003864] [info] retry CreateFile.
[00000393] [00:17:48:680390] [Tid0x00003864] [info] retry CreateFile.
[00000394] [00:17:48:732431] [Tid0x00003864] [info] retry CreateFile.
[00000395] [00:17:48:784603] [Tid0x00003864] [info] retry CreateFile.
[00000396] [00:17:48:835837] [Tid0x00003864] [info] retry CreateFile.
[00000397] [00:17:48:887704] [Tid0x00003864] [info] retry CreateFile.
[00000398] [00:17:48:938967] [Tid0x00003864] [info] retry CreateFile.
[00000399] [00:17:48:989831] [Tid0x00003864] [info] retry CreateFile.
[00000400] [00:17:49:040842] [Tid0x00003864] [info] retry CreateFile.
[00000401] [00:17:49:092247] [Tid0x00003864] [info] retry CreateFile.
[00000402] [00:17:49:644582] [Tid0x00003864] [info] try to open device:  baud rate 115200
[00000403] [00:17:49:644582] [Tid0x00003864] [info] retry CreateFile.
[00000404] [00:17:49:695817] [Tid0x00003864] [info] retry CreateFile.
[00000405] [00:17:49:746797] [Tid0x00003864] [info] retry CreateFile.
[00000406] [00:17:49:797755] [Tid0x00003864] [info] retry CreateFile.
[00000407] [00:17:49:849906] [Tid0x00003864] [info] retry CreateFile.
[00000408] [00:17:49:900806] [Tid0x00003864] [info] retry CreateFile.
[00000409] [00:17:49:951944] [Tid0x00003864] [info] retry CreateFile.
[00000410] [00:17:50:003976] [Tid0x00003864] [info] retry CreateFile.
[00000411] [00:17:50:056013] [Tid0x00003864] [info] retry CreateFile.
[00000412] [00:17:50:106857] [Tid0x00003864] [info] retry CreateFile.
[00000413] [00:17:50:159044] [Tid0x00003864] [info] retry CreateFile.
[00000414] [00:17:50:209849] [Tid0x00003864] [info] retry CreateFile.
[00000415] [00:17:50:260882] [Tid0x00003864] [info] retry CreateFile.
[00000416] [00:17:50:311966] [Tid0x00003864] [info] retry CreateFile.
[00000417] [00:17:50:362847] [Tid0x00003864] [info] retry CreateFile.
[00000418] [00:17:50:415044] [Tid0x00003864] [info] retry CreateFile.
[00000419] [00:17:50:467140] [Tid0x00003864] [info] retry CreateFile.
[00000420] [00:17:50:518261] [Tid0x00003864] [info] retry CreateFile.
[00000421] [00:17:50:568529] [Tid0x00003864] [info] retry CreateFile.
[00000422] [00:17:50:620530] [Tid0x00003864] [info] retry CreateFile.
[00000423] [00:17:51:194469] [Tid0x00003864] [info] try to open device:  baud rate 115200
[00000424] [00:17:51:194469] [Tid0x00003864] [info] retry CreateFile.
[00000425] [00:17:51:245358] [Tid0x00003864] [info] retry CreateFile.
[00000426] [00:17:51:295599] [Tid0x00003864] [info] retry CreateFile.
[00000427] [00:17:51:346798] [Tid0x00003864] [info] retry CreateFile.
[00000428] [00:17:51:397376] [Tid0x00003864] [info] retry CreateFile.
[00000429] [00:17:51:449289] [Tid0x00003864] [info] retry CreateFile.
[00000430] [00:17:51:499542] [Tid0x00003864] [info] retry CreateFile.
[00000431] [00:17:51:550723] [Tid0x00003864] [info] retry CreateFile.
[00000432] [00:17:51:602852] [Tid0x00003864] [info] retry CreateFile.
[00000433] [00:17:51:653721] [Tid0x00003864] [info] retry CreateFile.
[00000434] [00:17:51:703928] [Tid0x00003864] [info] retry CreateFile.
[00000435] [00:17:51:754588] [Tid0x00003864] [info] retry CreateFile.
[00000436] [00:17:51:805810] [Tid0x00003864] [info] retry CreateFile.
[00000437] [00:17:51:856710] [Tid0x00003864] [info] retry CreateFile.
[00000438] [00:17:51:908877] [Tid0x00003864] [info] retry CreateFile.
[00000439] [00:17:51:960941] [Tid0x00003864] [info] retry CreateFile.
[00000440] [00:17:52:012858] [Tid0x00003864] [info] retry CreateFile.
[00000441] [00:17:52:065777] [Tid0x00003864] [info] retry CreateFile.
[00000442] [00:17:52:117093] [Tid0x00003864] [info] retry CreateFile.
[00000443] [00:17:52:168028] [Tid0x00003864] [info] retry CreateFile.
[00000444] [00:17:52:720707] [Tid0x00003864] [info] try to open device:  baud rate 115200
[00000445] [00:17:52:720707] [Tid0x00003864] [info] retry CreateFile.
[00000446] [00:17:52:771763] [Tid0x00003864] [info] retry CreateFile.
[00000447] [00:17:52:823947] [Tid0x00003864] [info] retry CreateFile.
[00000448] [00:17:52:875889] [Tid0x00003864] [info] retry CreateFile.
[00000449] [00:17:52:927790] [Tid0x00003864] [info] retry CreateFile.
[00000450] [00:17:52:978655] [Tid0x00003864] [info] retry CreateFile.
[00000451] [00:17:53:030885] [Tid0x00003864] [info] retry CreateFile.
[00000452] [00:17:53:081749] [Tid0x00003864] [info] retry CreateFile.
[00000453] [00:17:53:132169] [Tid0x00003864] [info] retry CreateFile.
[00000454] [00:17:53:184092] [Tid0x00003864] [info] retry CreateFile.
[00000455] [00:17:53:235065] [Tid0x00003864] [info] retry CreateFile.
[00000456] [00:17:53:286841] [Tid0x00003864] [info] retry CreateFile.
[00000457] [00:17:53:338795] [Tid0x00003864] [info] retry CreateFile.
[00000458] [00:17:53:389669] [Tid0x00003864] [info] retry CreateFile.
[00000459] [00:17:53:441786] [Tid0x00003864] [info] retry CreateFile.
[00000460] [00:17:53:493785] [Tid0x00003864] [info] retry CreateFile.
[00000461] [00:17:53:544646] [Tid0x00003864] [info] retry CreateFile.
[00000462] [00:17:53:595735] [Tid0x00003864] [info] retry CreateFile.
[00000463] [00:17:53:646597] [Tid0x00003864] [info] retry CreateFile.
[00000464] [00:17:53:697492] [Tid0x00003864] [info] retry CreateFile.
[00000465] [00:17:54:249785] [Tid0x00003864] [info] try to open device:  baud rate 115200
[00000466] [00:17:54:249785] [Tid0x00003864] [info] retry CreateFile.
[00000467] [00:17:54:300743] [Tid0x00003864] [info] retry CreateFile.
[00000468] [00:17:54:351183] [Tid0x00003864] [info] retry CreateFile.
[00000469] [00:17:54:401729] [Tid0x00003864] [info] retry CreateFile.
[00000470] [00:17:54:452592] [Tid0x00003864] [info] retry CreateFile.
[00000471] [00:17:54:503989] [Tid0x00003864] [info] retry CreateFile.
[00000472] [00:17:54:554996] [Tid0x00003864] [info] retry CreateFile.
[00000473] [00:17:54:605863] [Tid0x00003864] [info] retry CreateFile.
[00000474] [00:17:54:657799] [Tid0x00003864] [info] retry CreateFile.
[00000475] [00:17:54:709786] [Tid0x00003864] [info] retry CreateFile.
[00000476] [00:17:54:761806] [Tid0x00003864] [info] retry CreateFile.
[00000477] [00:17:54:813180] [Tid0x00003864] [info] retry CreateFile.
[00000478] [00:17:54:864053] [Tid0x00003864] [info] retry CreateFile.
[00000479] [00:17:54:916246] [Tid0x00003864] [info] retry CreateFile.
[00000480] [00:17:54:967385] [Tid0x00003864] [info] retry CreateFile.
[00000481] [00:17:55:019489] [Tid0x00003864] [info] retry CreateFile.
[00000482] [00:17:55:071348] [Tid0x00003864] [info] retry CreateFile.
[00000483] [00:17:55:122392] [Tid0x00003864] [info] retry CreateFile.
[00000484] [00:17:55:172880] [Tid0x00003864] [info] retry CreateFile.
[00000485] [00:17:55:223447] [Tid0x00003864] [info] retry CreateFile.
[00000486] [00:17:55:774958] [Tid0x00003864] [info] <--[C1] iotflash_waitfor_device
[00000487] [00:17:55:775956] [Tid0x00002d94] [info] delete hsession 0x1
[00000488] [00:19:17:669580] [Tid0x00002d94] [info] clean up.
