arm-none-eabi-gcc.exe: error: ../../../../../project/linkit7697_hdk/hal_examples/uart_loopback_data_dma/GCC/build/driver/chip/mt7687/src/common/cos_api.o: No such file or directory
arm-none-eabi-gcc.exe: error: ../../../../../project/linkit7697_hdk/hal_examples/uart_loopback_data_dma/GCC/build/driver/chip/mt7687/src/common/flash_sfc.o: No such file or directory
arm-none-eabi-gcc.exe: error: ../../../../../project/linkit7697_hdk/hal_examples/uart_loopback_data_dma/GCC/build/driver/chip/mt7687/src/common/hal_I2C.o: No such file or directory
arm-none-eabi-gcc.exe: error: ../../../../../project/linkit7697_hdk/hal_examples/uart_loopback_data_dma/GCC/build/driver/chip/mt7687/src/common/hal_i2s_internal.o: No such file or directory
arm-none-eabi-gcc.exe: error: ../../../../../project/linkit7697_hdk/hal_examples/uart_loopback_data_dma/GCC/build/driver/chip/mt7687/src/common/low_hal_irtx.o: No such file or directory
arm-none-eabi-gcc.exe: error: ../../../../../project/linkit7697_hdk/hal_examples/uart_loopback_data_dma/GCC/build/driver/chip/mt7687/src/common/low_hal_pwm.o: No such file or directory
arm-none-eabi-gcc.exe: error: ../../../../../project/linkit7697_hdk/hal_examples/uart_loopback_data_dma/GCC/build/driver/chip/mt7687/src/common/hal_gpc.o: No such file or directory
arm-none-eabi-gcc.exe: error: ../../../../../project/linkit7697_hdk/hal_examples/uart_loopback_data_dma/GCC/build/driver/chip/mt7687/src/common/hal_gpio_7687.o: No such file or directory
arm-none-eabi-gcc.exe: error: ../../../../../project/linkit7697_hdk/hal_examples/uart_loopback_data_dma/GCC/build/driver/chip/mt7687/src/common/hal_irrx.o: No such file or directory
arm-none-eabi-gcc.exe: error: ../../../../../project/linkit7697_hdk/hal_examples/uart_loopback_data_dma/GCC/build/driver/chip/mt7687/src/common/hal_lp.o: No such file or directory
arm-none-eabi-gcc.exe: error: ../../../../../project/linkit7697_hdk/hal_examples/uart_loopback_data_dma/GCC/build/driver/chip/mt7687/src/common/hal_pcnt.o: No such file or directory
arm-none-eabi-gcc.exe: error: ../../../../../project/linkit7697_hdk/hal_examples/uart_loopback_data_dma/GCC/build/driver/chip/mt7687/src/common/hal_pinmux.o: No such file or directory
arm-none-eabi-gcc.exe: error: ../../../../../project/linkit7697_hdk/hal_examples/uart_loopback_data_dma/GCC/build/driver/chip/mt7687/src/common/hal_spim.o: No such file or directory
arm-none-eabi-gcc.exe: error: ../../../../../project/linkit7697_hdk/hal_examples/uart_loopback_data_dma/GCC/build/driver/chip/mt7687/src/common/hal_sys.o: No such file or directory
arm-none-eabi-gcc.exe: error: ../../../../../project/linkit7697_hdk/hal_examples/uart_loopback_data_dma/GCC/build/driver/chip/mt7687/src/common/hal_trng.o: No such file or directory
arm-none-eabi-gcc.exe: error: ../../../../../project/linkit7697_hdk/hal_examples/uart_loopback_data_dma/GCC/build/driver/chip/mt7687/src/common/hal_uid.o: No such file or directory
arm-none-eabi-gcc.exe: error: ../../../../../project/linkit7697_hdk/hal_examples/uart_loopback_data_dma/GCC/build/driver/chip/mt7687/src/common/ir_tx.o: No such file or directory
arm-none-eabi-gcc.exe: error: ../../../../../project/linkit7697_hdk/hal_examples/uart_loopback_data_dma/GCC/build/driver/chip/mt7687/src/common/low_hal_gpio.o: No such file or directory
arm-none-eabi-gcc.exe: error: ../../../../../project/linkit7697_hdk/hal_examples/uart_loopback_data_dma/GCC/build/driver/chip/mt7687/src/common/low_hal_irrx.o: No such file or directory
arm-none-eabi-gcc.exe: error: ../../../../../project/linkit7697_hdk/hal_examples/uart_loopback_data_dma/GCC/build/driver/chip/mt7687/src/common/low_hal_rtc.o: No such file or directory
arm-none-eabi-gcc.exe: error: ../../../../../project/linkit7697_hdk/hal_examples/uart_loopback_data_dma/GCC/build/driver/chip/mt7687/src/common/low_hal_wdt.o: No such file or directory
arm-none-eabi-gcc.exe: error: ../../../../../project/linkit7697_hdk/hal_examples/uart_loopback_data_dma/GCC/build/driver/chip/mt7687/src/common/nvic.o: No such file or directory
arm-none-eabi-gcc.exe: error: ../../../../../project/linkit7697_hdk/hal_examples/uart_loopback_data_dma/GCC/build/driver/chip/mt7687/src/common/pinmux.o: No such file or directory
arm-none-eabi-gcc.exe: error: ../../../../../project/linkit7697_hdk/hal_examples/uart_loopback_data_dma/GCC/build/driver/chip/mt7687/src/common/spi_flash.o: No such file or directory
arm-none-eabi-gcc.exe: error: ../../../../../project/linkit7697_hdk/hal_examples/uart_loopback_data_dma/GCC/build/driver/chip/mt7687/src/common/spim.o: No such file or directory
arm-none-eabi-gcc.exe: error: ../../../../../project/linkit7697_hdk/hal_examples/uart_loopback_data_dma/GCC/build/driver/chip/mt7687/src/common/timer.o: No such file or directory
arm-none-eabi-gcc.exe: error: ../../../../../project/linkit7697_hdk/hal_examples/uart_loopback_data_dma/GCC/build/driver/chip/mt7687/src/common/uart.o: No such file or directory
arm-none-eabi-gcc.exe: error: ../../../../../project/linkit7697_hdk/hal_examples/uart_loopback_data_dma/GCC/build/driver/chip/mt7687/src/hal_cache_internal.o: No such file or directory
arm-none-eabi-gcc.exe: error: ../../../../../project/linkit7697_hdk/hal_examples/uart_loopback_data_dma/GCC/build/driver/chip/mt7687/src/hal_nvic_internal.o: No such file or directory
arm-none-eabi-gcc.exe: error: ../../../../../project/linkit7697_hdk/hal_examples/uart_loopback_data_dma/GCC/build/driver/chip/mt7687/src/hal_i2c_master.o: No such file or directory
arm-none-eabi-gcc.exe: error: ../../../../../project/linkit7697_hdk/hal_examples/uart_loopback_data_dma/GCC/build/driver/chip/mt7687/src/hal_spi_master.o: No such file or directory
arm-none-eabi-gcc.exe: error: ../../../../../project/linkit7697_hdk/hal_examples/uart_loopback_data_dma/GCC/build/driver/chip/mt7687/src/hal_spi_slave.o: No such file or directory
arm-none-eabi-gcc.exe: error: ../../../../../project/linkit7697_hdk/hal_examples/uart_loopback_data_dma/GCC/build/driver/chip/mt7687/src/hal_audio_internal_service.o: No such file or directory
arm-none-eabi-gcc.exe: error: ../../../../../project/linkit7697_hdk/hal_examples/uart_loopback_data_dma/GCC/build/driver/board/linkit7697_hdk/external_flash/src/bsp_flash_config.o: No such file or directory
arm-none-eabi-gcc.exe: error: ../../../../../project/linkit7697_hdk/hal_examples/uart_loopback_data_dma/GCC/build/project/linkit7697_hdk/hal_examples/uart_loopback_data_dma/src/main.o: No such file or directory
arm-none-eabi-gcc.exe: error: ../../../../../project/linkit7697_hdk/hal_examples/uart_loopback_data_dma/GCC/build/project/linkit7697_hdk/hal_examples/uart_loopback_data_dma/src/system_mt7687.o: No such file or directory
arm-none-eabi-gcc.exe: error: ../../../../../project/linkit7697_hdk/hal_examples/uart_loopback_data_dma/GCC/build/project/linkit7697_hdk/hal_examples/uart_loopback_data_dma/GCC/syscalls.o: No such file or directory
arm-none-eabi-gcc.exe: error: ../../../../../project/linkit7697_hdk/hal_examples/uart_loopback_data_dma/GCC/build/project/linkit7697_hdk/hal_examples/uart_loopback_data_dma/GCC/startup_mt7687.o: No such file or directory
